# This is the CMakeCache file.
# For build in directory: /Users/bengamble/FasterAPI/build
# It was generated by CMake: /opt/homebrew/bin/cmake
# You can edit this file to change values found and used by cmake.
# If you do not want to change any of the values, simply exit the editor.
# If you do want to change a value, simply edit, save, and exit the editor.
# The syntax for the file is as follows:
# KEY:TYPE=VALUE
# KEY is the name of a variable in the cache.
# TYPE is a hint to GUIs for the type of VALUE, DO NOT EDIT TYPE!.
# VALUE is the current value for the KEY.

########################
# EXTERNAL cache entries
########################

//Build a 32 bit version of the library.
BENCHMARK_BUILD_32_BITS:BOOL=OFF

//Flags used by the C++ compiler during coverage builds.
BENCHMARK_CXX_FLAGS_COVERAGE:STRING='-O0 -g -fno-exceptions -fno-rtti '

//Allow the downloading and in-tree building of unmet dependencies
BENCHMARK_DOWNLOAD_DEPENDENCIES:BOOL=OFF

//Enable building and running the assembly tests
BENCHMARK_ENABLE_ASSEMBLY_TESTS:BOOL=OFF

//Build documentation with Doxygen.
BENCHMARK_ENABLE_DOXYGEN:BOOL=OFF

//Enable the use of exceptions in the benchmark library.
BENCHMARK_ENABLE_EXCEPTIONS:BOOL=ON

//Enable performance counters provided by libpfm
BENCHMARK_ENABLE_LIBPFM:BOOL=OFF

//Enable link time optimisation of the benchmark library.
BENCHMARK_ENABLE_LTO:BOOL=OFF

//Build Release candidates with -Werror.
BENCHMARK_ENABLE_WERROR:BOOL=ON

//Flags used for linking binaries during coverage builds.
BENCHMARK_EXE_LINKER_FLAGS_COVERAGE:STRING=

//Build Release candidates with -Werror regardless of compiler
// issues.
BENCHMARK_FORCE_WERROR:BOOL=OFF

//Enable installation of documentation.
BENCHMARK_INSTALL_DOCS:BOOL=ON

//Flags used by the shared libraries linker during coverage builds.
BENCHMARK_SHARED_LINKER_FLAGS_COVERAGE:STRING=

//Use bundled GoogleTest. If disabled, the find_package(GTest)
// will be used.
BENCHMARK_USE_BUNDLED_GTEST:BOOL=ON

//Build and test using libc++ as the standard library.
BENCHMARK_USE_LIBCXX:BOOL=OFF

BUILD_SHARED_LIBS:BOOL=OFF

//Path to a program.
CMAKE_ADDR2LINE:FILEPATH=CMAKE_ADDR2LINE-NOTFOUND

//Path to a program.
CMAKE_AR:FILEPATH=/usr/bin/ar

//Choose the type of build, options are: None Debug Release RelWithDebInfo
// MinSizeRel ...
CMAKE_BUILD_TYPE:STRING=Release

//Enable/Disable color output during build.
CMAKE_COLOR_MAKEFILE:BOOL=ON

//CXX compiler
CMAKE_CXX_COMPILER:FILEPATH=/usr/bin/c++

//Flags used by the CXX compiler during all build types.
CMAKE_CXX_FLAGS:STRING=

//Flags used by the CXX compiler during DEBUG builds.
CMAKE_CXX_FLAGS_DEBUG:STRING=-g

//Flags used by the CXX compiler during MINSIZEREL builds.
CMAKE_CXX_FLAGS_MINSIZEREL:STRING=-Os -DNDEBUG

//Flags used by the CXX compiler during RELEASE builds.
CMAKE_CXX_FLAGS_RELEASE:STRING=-O3 -DNDEBUG

//Flags used by the CXX compiler during RELWITHDEBINFO builds.
CMAKE_CXX_FLAGS_RELWITHDEBINFO:STRING=-O2 -g -DNDEBUG

//C compiler
CMAKE_C_COMPILER:FILEPATH=/usr/bin/cc

//Flags used by the C compiler during all build types.
CMAKE_C_FLAGS:STRING=

//Flags used by the C compiler during DEBUG builds.
CMAKE_C_FLAGS_DEBUG:STRING=-g

//Flags used by the C compiler during MINSIZEREL builds.
CMAKE_C_FLAGS_MINSIZEREL:STRING=-Os -DNDEBUG

//Flags used by the C compiler during RELEASE builds.
CMAKE_C_FLAGS_RELEASE:STRING=-O3 -DNDEBUG

//Flags used by the C compiler during RELWITHDEBINFO builds.
CMAKE_C_FLAGS_RELWITHDEBINFO:STRING=-O2 -g -DNDEBUG

//Path to a program.
CMAKE_DLLTOOL:FILEPATH=CMAKE_DLLTOOL-NOTFOUND

//Flags used by the linker during all build types.
CMAKE_EXE_LINKER_FLAGS:STRING=

//Flags used by the linker during DEBUG builds.
CMAKE_EXE_LINKER_FLAGS_DEBUG:STRING=

//Flags used by the linker during MINSIZEREL builds.
CMAKE_EXE_LINKER_FLAGS_MINSIZEREL:STRING=

//Flags used by the linker during RELEASE builds.
CMAKE_EXE_LINKER_FLAGS_RELEASE:STRING=

//Flags used by the linker during RELWITHDEBINFO builds.
CMAKE_EXE_LINKER_FLAGS_RELWITHDEBINFO:STRING=

//Enable/Disable output of compile commands during generation.
CMAKE_EXPORT_COMPILE_COMMANDS:BOOL=

//Value Computed by CMake.
CMAKE_FIND_PACKAGE_REDIRECTS_DIR:STATIC=/Users/bengamble/FasterAPI/build/CMakeFiles/pkgRedirects

//User executables (bin)
CMAKE_INSTALL_BINDIR:PATH=bin

//Read-only architecture-independent data (DATAROOTDIR)
CMAKE_INSTALL_DATADIR:PATH=

//Read-only architecture-independent data root (share)
CMAKE_INSTALL_DATAROOTDIR:PATH=share

//Documentation root (DATAROOTDIR/doc/PROJECT_NAME)
CMAKE_INSTALL_DOCDIR:PATH=

//C header files (include)
CMAKE_INSTALL_INCLUDEDIR:PATH=include

//Info documentation (DATAROOTDIR/info)
CMAKE_INSTALL_INFODIR:PATH=

//Object code libraries (lib)
CMAKE_INSTALL_LIBDIR:PATH=lib

//Program executables (libexec)
CMAKE_INSTALL_LIBEXECDIR:PATH=libexec

//Locale-dependent data (DATAROOTDIR/locale)
CMAKE_INSTALL_LOCALEDIR:PATH=

//Modifiable single-machine data (var)
CMAKE_INSTALL_LOCALSTATEDIR:PATH=var

//Man documentation (DATAROOTDIR/man)
CMAKE_INSTALL_MANDIR:PATH=

//Path to a program.
CMAKE_INSTALL_NAME_TOOL:FILEPATH=/usr/bin/install_name_tool

//C header files for non-gcc (/usr/include)
CMAKE_INSTALL_OLDINCLUDEDIR:PATH=/usr/include

//Install path prefix, prepended onto install directories.
CMAKE_INSTALL_PREFIX:PATH=/usr/local

//Run-time variable data (LOCALSTATEDIR/run)
CMAKE_INSTALL_RUNSTATEDIR:PATH=

//System admin executables (sbin)
CMAKE_INSTALL_SBINDIR:PATH=sbin

//Modifiable architecture-independent data (com)
CMAKE_INSTALL_SHAREDSTATEDIR:PATH=com

//Read-only single-machine data (etc)
CMAKE_INSTALL_SYSCONFDIR:PATH=etc

//Path to a program.
CMAKE_LINKER:FILEPATH=/usr/bin/ld

//Path to a program.
CMAKE_MAKE_PROGRAM:FILEPATH=/usr/bin/make

//Flags used by the linker during the creation of modules during
// all build types.
CMAKE_MODULE_LINKER_FLAGS:STRING=

//Flags used by the linker during the creation of modules during
// DEBUG builds.
CMAKE_MODULE_LINKER_FLAGS_DEBUG:STRING=

//Flags used by the linker during the creation of modules during
// MINSIZEREL builds.
CMAKE_MODULE_LINKER_FLAGS_MINSIZEREL:STRING=

//Flags used by the linker during the creation of modules during
// RELEASE builds.
CMAKE_MODULE_LINKER_FLAGS_RELEASE:STRING=

//Flags used by the linker during the creation of modules during
// RELWITHDEBINFO builds.
CMAKE_MODULE_LINKER_FLAGS_RELWITHDEBINFO:STRING=

//Path to a program.
CMAKE_NM:FILEPATH=/usr/bin/nm

//Path to a program.
CMAKE_OBJCOPY:FILEPATH=CMAKE_OBJCOPY-NOTFOUND

//Path to a program.
CMAKE_OBJDUMP:FILEPATH=/usr/bin/objdump

//Build architectures for OSX
CMAKE_OSX_ARCHITECTURES:STRING=

//Minimum OS X version to target for deployment (at runtime); newer
// APIs weak linked. Set to empty string for default value.
CMAKE_OSX_DEPLOYMENT_TARGET:STRING=

//The product will be built against the headers and libraries located
// inside the indicated SDK.
CMAKE_OSX_SYSROOT:STRING=

//Value Computed by CMake
CMAKE_PROJECT_COMPAT_VERSION:STATIC=

//Value Computed by CMake
CMAKE_PROJECT_DESCRIPTION:STATIC=

//Value Computed by CMake
CMAKE_PROJECT_HOMEPAGE_URL:STATIC=

//Value Computed by CMake
CMAKE_PROJECT_NAME:STATIC=fasterapi

//Value Computed by CMake
CMAKE_PROJECT_VERSION:STATIC=

//Value Computed by CMake
CMAKE_PROJECT_VERSION_MAJOR:STATIC=

//Value Computed by CMake
CMAKE_PROJECT_VERSION_MINOR:STATIC=

//Value Computed by CMake
CMAKE_PROJECT_VERSION_PATCH:STATIC=

//Value Computed by CMake
CMAKE_PROJECT_VERSION_TWEAK:STATIC=

//Path to a program.
CMAKE_RANLIB:FILEPATH=/usr/bin/ranlib

//Path to a program.
CMAKE_READELF:FILEPATH=CMAKE_READELF-NOTFOUND

//Flags used by the linker during the creation of shared libraries
// during all build types.
CMAKE_SHARED_LINKER_FLAGS:STRING=

//Flags used by the linker during the creation of shared libraries
// during DEBUG builds.
CMAKE_SHARED_LINKER_FLAGS_DEBUG:STRING=

//Flags used by the linker during the creation of shared libraries
// during MINSIZEREL builds.
CMAKE_SHARED_LINKER_FLAGS_MINSIZEREL:STRING=

//Flags used by the linker during the creation of shared libraries
// during RELEASE builds.
CMAKE_SHARED_LINKER_FLAGS_RELEASE:STRING=

//Flags used by the linker during the creation of shared libraries
// during RELWITHDEBINFO builds.
CMAKE_SHARED_LINKER_FLAGS_RELWITHDEBINFO:STRING=

//If set, runtime paths are not added when installing shared libraries,
// but are added when building.
CMAKE_SKIP_INSTALL_RPATH:BOOL=NO

//If set, runtime paths are not added when using shared libraries.
CMAKE_SKIP_RPATH:BOOL=NO

//Flags used by the archiver during the creation of static libraries
// during all build types.
CMAKE_STATIC_LINKER_FLAGS:STRING=

//Flags used by the archiver during the creation of static libraries
// during DEBUG builds.
CMAKE_STATIC_LINKER_FLAGS_DEBUG:STRING=

//Flags used by the archiver during the creation of static libraries
// during MINSIZEREL builds.
CMAKE_STATIC_LINKER_FLAGS_MINSIZEREL:STRING=

//Flags used by the archiver during the creation of static libraries
// during RELEASE builds.
CMAKE_STATIC_LINKER_FLAGS_RELEASE:STRING=

//Flags used by the archiver during the creation of static libraries
// during RELWITHDEBINFO builds.
CMAKE_STATIC_LINKER_FLAGS_RELWITHDEBINFO:STRING=

//Path to a program.
CMAKE_STRIP:FILEPATH=/usr/bin/strip

//Path to a program.
CMAKE_TAPI:FILEPATH=/Library/Developer/CommandLineTools/usr/bin/tapi

//If this value is on, makefiles will be generated without the
// .SILENT directive, and all commands will be echoed to the console
// during the make.  This is useful for debugging only. With Visual
// Studio IDE projects all commands are done without /nologo.
CMAKE_VERBOSE_MAKEFILE:BOOL=FALSE

//Don't create a package lock file in the binary path
CPM_DONT_CREATE_PACKAGE_LOCK:BOOL=OFF

//Don't update the module path to allow using find_package
CPM_DONT_UPDATE_MODULE_PATH:BOOL=OFF

//Always download dependencies from source
CPM_DOWNLOAD_ALL:BOOL=OFF

//Add all packages added through CPM.cmake to the package lock
CPM_INCLUDE_ALL_IN_PACKAGE_LOCK:BOOL=OFF

//Only use `find_package` to get dependencies
CPM_LOCAL_PACKAGES_ONLY:BOOL=OFF

//CPM cache directory
CPM_SOURCE_CACHE:STRING=/Users/bengamble/FasterAPI/build/cpm-cache

//Always try to use `find_package` to get dependencies
CPM_USE_LOCAL_PACKAGES:BOOL=OFF

//Use additional directory of package name in cache on the most
// nested level.
CPM_USE_NAMED_CACHE_DIRECTORIES:BOOL=OFF

//OFF
CXXFEATURECHECK_DEBUG:BOOL=OFF

//Path to a program.
CYTHON_EXECUTABLE:FILEPATH=/opt/homebrew/bin/cython

//Enable C++ exceptions (default: OFF for performance)
ENABLE_EXCEPTIONS:BOOL=OFF

//Build Cython Python bindings
FA_BUILD_CYTHON:BOOL=ON

//Build C++ example programs
FA_BUILD_EXAMPLES:BOOL=ON

//Build benchmarks with Google Benchmark
FA_BUILD_GBENCH:BOOL=ON

//Build tests with Google Test framework
FA_BUILD_GTEST:BOOL=ON

//Build HTTP server
FA_BUILD_HTTP:BOOL=ON

//Build MCP (Model Context Protocol) support
FA_BUILD_MCP:BOOL=ON

//Build PostgreSQL integration
FA_BUILD_PG:BOOL=ON

//Enable zstd compression
FA_ENABLE_COMPRESSION:BOOL=ON

//Enable code coverage (gcov/lcov)
FA_ENABLE_COVERAGE:BOOL=OFF

//Enable HTTP/2 support (pure C++ implementation)
FA_ENABLE_HTTP2:BOOL=ON

//Enable HTTP/3 support (pure C++ QUIC + QPACK + WebTransport)
FA_ENABLE_HTTP3:BOOL=ON

//Link mimalloc as default allocator
FA_ENABLE_MIMALLOC:BOOL=OFF

//Enable -march=native/-mcpu=native (disable for CI)
FA_NATIVE_ARCH:BOOL=ON

//Enable Address/UB sanitizers (non-MSVC)
FA_SANITIZE:BOOL=OFF

//Build with standalone Asio (for Beast/H2 path)
FA_USE_ASIO:BOOL=OFF

//Use uWebSockets for HTTP/1.1 and WebSocket
FA_USE_UWEBSOCKETS:BOOL=OFF

//Directory under which to collect all populated content
FETCHCONTENT_BASE_DIR:PATH=/Users/bengamble/FasterAPI/build/_deps

//Disables all attempts to download or update content and assumes
// source dirs already exist
FETCHCONTENT_FULLY_DISCONNECTED:BOOL=OFF

//Enables QUIET option for all content population
FETCHCONTENT_QUIET:BOOL=ON

//Enables UPDATE_DISCONNECTED behavior for all content population
FETCHCONTENT_UPDATES_DISCONNECTED:BOOL=OFF

//Git command line client
GIT_EXECUTABLE:FILEPATH=/usr/bin/git

//Use Abseil and RE2. Requires Abseil and RE2 to be separately
// added to the build.
GTEST_HAS_ABSL:BOOL=OFF

//Path to a library.
OPENSSL_CRYPTO_LIBRARY:FILEPATH=/opt/homebrew/Cellar/openssl@3/3.6.0/lib/libcrypto.dylib

//Path to a file.
OPENSSL_INCLUDE_DIR:PATH=/opt/homebrew/Cellar/openssl@3/3.6.0/include

//Path to a library.
OPENSSL_SSL_LIBRARY:FILEPATH=/opt/homebrew/Cellar/openssl@3/3.6.0/lib/libssl.dylib

//Arguments to supply to pkg-config
PKG_CONFIG_ARGN:STRING=

//pkg-config executable
PKG_CONFIG_EXECUTABLE:FILEPATH=/opt/homebrew/bin/pkg-config

//The Set the PostgreSQL_INCLUDE_DIR cmake cache entry to the top-level
// directory containing the PostgreSQL include directories. E.g
// /usr/local/include/PostgreSQL/8.4 or C:/Program Files/PostgreSQL/8.4/include
PostgreSQL_INCLUDE_DIR:PATH=/opt/homebrew/include/postgresql@14

//The Set the PostgreSQL_LIBRARY_DIR cmake cache entry to the top-level
// directory containing the PostgreSQL libraries.
PostgreSQL_LIBRARY_DEBUG:FILEPATH=PostgreSQL_LIBRARY_DEBUG-NOTFOUND

//The Set the PostgreSQL_LIBRARY_DIR cmake cache entry to the top-level
// directory containing the PostgreSQL libraries.
PostgreSQL_LIBRARY_RELEASE:FILEPATH=/opt/homebrew/lib/postgresql@14/libpq.dylib

//The Set the PostgreSQL_INCLUDE_DIR cmake cache entry to the top-level
// directory containing the PostgreSQL include directories. E.g
// /usr/local/include/PostgreSQL/8.4 or C:/Program Files/PostgreSQL/8.4/include
PostgreSQL_TYPE_INCLUDE_DIR:PATH=/opt/homebrew/include/postgresql@14/server

//Enable AVX-512 instructions (only affects processors and compilers
// with AVX-512 support).
SIMDJSON_AVX512_ALLOWED:BOOL=ON

//Allow usage of bash within CMake
SIMDJSON_BASH:BOOL=ON

//Build simdjson_static library along with simdjson (only makes
// sense if BUILD_SHARED_LIBS=ON)
SIMDJSON_BUILD_STATIC_LIB:BOOL=OFF

//Select the implementation that will be used for user code. Defaults
// to the most universal implementation in SIMDJSON_IMPLEMENTATION
// (in the order fallback;westmere;haswell;icelake;arm64;ppc64)
// if specified; otherwise, by default the compiler will pick the
// best implementation that can always be selected given the compiler
// flags.
SIMDJSON_BUILTIN_IMPLEMENTATION:STRING=

//Check for the end of the input buffer. The setting is unnecessary
// since we require padding of the inputs. You should expect tests
// to fail with this option turned on.
SIMDJSON_CHECK_EOF:BOOL=OFF

//the C++ standard to use for simdjson
SIMDJSON_CXX_STANDARD:STRING=17

//Enable development-time aids, such as checks for incorrect API
// usage. Enabled by default in DEBUG.
SIMDJSON_DEVELOPMENT_CHECKS:BOOL=OFF

//Disables deprecated APIs
SIMDJSON_DISABLE_DEPRECATED_API:BOOL=OFF

//Link with thread support
SIMDJSON_ENABLE_THREADS:BOOL=ON

//Enable simdjson's exception-throwing interface
SIMDJSON_EXCEPTIONS:BOOL=ON

//Semicolon-separated list of implementations to exclude (icelake/haswell/westmere/arm64/ppc64/fallback).
// By default, excludes any implementations that are unsupported
// at compile time or cannot be selected at runtime.
SIMDJSON_EXCLUDE_IMPLEMENTATION:STRING=

//Set _GLIBCXX_ASSERTIONS
SIMDJSON_GLIBCXX_ASSERTIONS:BOOL=OFF

//Semicolon-separated list of implementations to include (fallback;westmere;haswell;icelake;arm64;ppc64).
// If this is not set, any implementations that are supported at
// compile time and may be selected at runtime will be included.
SIMDJSON_IMPLEMENTATION:STRING=

//Include the arm64 implementation
SIMDJSON_IMPLEMENTATION_ARM64:BOOL=ON

//Include the fallback implementation
SIMDJSON_IMPLEMENTATION_FALLBACK:BOOL=ON

//Include the haswell implementation
SIMDJSON_IMPLEMENTATION_HASWELL:BOOL=ON

//Include the icelake implementation
SIMDJSON_IMPLEMENTATION_ICELAKE:BOOL=ON

//Include the ppc64 implementation
SIMDJSON_IMPLEMENTATION_PPC64:BOOL=ON

//Include the westmere implementation
SIMDJSON_IMPLEMENTATION_WESTMERE:BOOL=ON

//CMake package config location relative to the install prefix
SIMDJSON_INSTALL_CMAKEDIR:STRING=lib/cmake/simdjson

//simdjson library soversion
SIMDJSON_LIB_SOVERSION:STRING=23

//simdjson library version
SIMDJSON_LIB_VERSION:STRING=23.0.0

//Sanitize addresses
SIMDJSON_SANITIZE:BOOL=OFF

//Sanitize memory
SIMDJSON_SANITIZE_MEMORY:BOOL=OFF

//Sanitize undefined behavior
SIMDJSON_SANITIZE_UNDEFINED:BOOL=OFF

//SKIP UTF8 VALIDATION.
SIMDJSON_SKIPUTF8VALIDATION:BOOL=OFF

//the SIMDJSON_STRUCTURAL_INDEXER_STEP variable
SIMDJSON_STRUCTURAL_INDEXER_STEP:STRING=

//Use the libc++ library
SIMDJSON_USE_LIBCPP:BOOL=OFF

//Enable verbose logging for internal simdjson library development.
SIMDJSON_VERBOSE_LOGGING:BOOL=OFF

//Under Visual Studio, add Zi to the compile flag and DEBUG to
// the link file to add debugging information to the release build
// for easier profiling inside tools like VTune
SIMDJSON_VISUAL_STUDIO_BUILD_WITH_DEBUG_INFO_FOR_PROFILING:BOOL=OFF

//Value Computed by CMake
benchmark_BINARY_DIR:STATIC=/Users/bengamble/FasterAPI/build/_deps/benchmark-build

//Value Computed by CMake
benchmark_IS_TOP_LEVEL:STATIC=OFF

//Value Computed by CMake
benchmark_SOURCE_DIR:STATIC=/Users/bengamble/FasterAPI/build/cpm-cache/benchmark/6ab6f9ea5fa3003095935f1af4b6b363c23ce9d7

//Value Computed by CMake
fasterapi_BINARY_DIR:STATIC=/Users/bengamble/FasterAPI/build

//Value Computed by CMake
fasterapi_IS_TOP_LEVEL:STATIC=ON

//Value Computed by CMake
fasterapi_SOURCE_DIR:STATIC=/Users/bengamble/FasterAPI

//Value Computed by CMake
gmock_BINARY_DIR:STATIC=/Users/bengamble/FasterAPI/build/_deps/googletest-build/googlemock

//Value Computed by CMake
gmock_IS_TOP_LEVEL:STATIC=OFF

//Value Computed by CMake
gmock_SOURCE_DIR:STATIC=/Users/bengamble/FasterAPI/build/cpm-cache/googletest/9b33dc2441e2da8f3c6ddb3d202ec097d87a0994/googlemock

//Build all of Google Mock's own tests.
gmock_build_tests:BOOL=OFF

//Value Computed by CMake
googletest-distribution_BINARY_DIR:STATIC=/Users/bengamble/FasterAPI/build/_deps/googletest-build

//Value Computed by CMake
googletest-distribution_IS_TOP_LEVEL:STATIC=OFF

//Value Computed by CMake
googletest-distribution_SOURCE_DIR:STATIC=/Users/bengamble/FasterAPI/build/cpm-cache/googletest/9b33dc2441e2da8f3c6ddb3d202ec097d87a0994

//Value Computed by CMake
gtest_BINARY_DIR:STATIC=/Users/bengamble/FasterAPI/build/_deps/googletest-build/googletest

//Value Computed by CMake
gtest_IS_TOP_LEVEL:STATIC=OFF

//Value Computed by CMake
gtest_SOURCE_DIR:STATIC=/Users/bengamble/FasterAPI/build/cpm-cache/googletest/9b33dc2441e2da8f3c6ddb3d202ec097d87a0994/googletest

//Build gtest's sample programs.
gtest_build_samples:BOOL=OFF

//Build all of gtest's own tests.
gtest_build_tests:BOOL=OFF

//Disable uses of pthreads in gtest.
gtest_disable_pthreads:BOOL=OFF

//Build gtest with internal symbols hidden in shared libraries.
gtest_hide_internal_symbols:BOOL=OFF

//Path to a library.
pkgcfg_lib_ZMQ_zmq:FILEPATH=/opt/homebrew/Cellar/zeromq/4.3.5_2/lib/libzmq.dylib

//Path to a library.
pkgcfg_lib__OPENSSL_crypto:FILEPATH=/opt/homebrew/Cellar/openssl@3/3.6.0/lib/libcrypto.dylib

//Path to a library.
pkgcfg_lib__OPENSSL_ssl:FILEPATH=/opt/homebrew/Cellar/openssl@3/3.6.0/lib/libssl.dylib

//Value Computed by CMake
simdjson_BINARY_DIR:STATIC=/Users/bengamble/FasterAPI/build/_deps/simdjson-build

//Value Computed by CMake
simdjson_IS_TOP_LEVEL:STATIC=OFF

//Value Computed by CMake
simdjson_SOURCE_DIR:STATIC=/Users/bengamble/FasterAPI/build/cpm-cache/simdjson/e2872dae246ae21201588fe57bc477e26fdade81


########################
# INTERNAL cache entries
########################

//ADVANCED property for variable: BENCHMARK_CXX_FLAGS_COVERAGE
BENCHMARK_CXX_FLAGS_COVERAGE-ADVANCED:INTERNAL=1
//ADVANCED property for variable: BENCHMARK_EXE_LINKER_FLAGS_COVERAGE
BENCHMARK_EXE_LINKER_FLAGS_COVERAGE-ADVANCED:INTERNAL=1
//ADVANCED property for variable: BENCHMARK_SHARED_LINKER_FLAGS_COVERAGE
BENCHMARK_SHARED_LINKER_FLAGS_COVERAGE-ADVANCED:INTERNAL=1
//ADVANCED property for variable: CMAKE_ADDR2LINE
CMAKE_ADDR2LINE-ADVANCED:INTERNAL=1
//ADVANCED property for variable: CMAKE_AR
CMAKE_AR-ADVANCED:INTERNAL=1
//This is the directory where this CMakeCache.txt was created
CMAKE_CACHEFILE_DIR:INTERNAL=/Users/bengamble/FasterAPI/build
//Major version of cmake used to create the current loaded cache
CMAKE_CACHE_MAJOR_VERSION:INTERNAL=4
//Minor version of cmake used to create the current loaded cache
CMAKE_CACHE_MINOR_VERSION:INTERNAL=1
//Patch version of cmake used to create the current loaded cache
CMAKE_CACHE_PATCH_VERSION:INTERNAL=1
//ADVANCED property for variable: CMAKE_COLOR_MAKEFILE
CMAKE_COLOR_MAKEFILE-ADVANCED:INTERNAL=1
//Path to CMake executable.
CMAKE_COMMAND:INTERNAL=/opt/homebrew/bin/cmake
//Path to cpack program executable.
CMAKE_CPACK_COMMAND:INTERNAL=/opt/homebrew/bin/cpack
//Path to ctest program executable.
CMAKE_CTEST_COMMAND:INTERNAL=/opt/homebrew/bin/ctest
//ADVANCED property for variable: CMAKE_CXX_COMPILER
CMAKE_CXX_COMPILER-ADVANCED:INTERNAL=1
//ADVANCED property for variable: CMAKE_CXX_FLAGS
CMAKE_CXX_FLAGS-ADVANCED:INTERNAL=1
//ADVANCED property for variable: CMAKE_CXX_FLAGS_DEBUG
CMAKE_CXX_FLAGS_DEBUG-ADVANCED:INTERNAL=1
//ADVANCED property for variable: CMAKE_CXX_FLAGS_MINSIZEREL
CMAKE_CXX_FLAGS_MINSIZEREL-ADVANCED:INTERNAL=1
//ADVANCED property for variable: CMAKE_CXX_FLAGS_RELEASE
CMAKE_CXX_FLAGS_RELEASE-ADVANCED:INTERNAL=1
//ADVANCED property for variable: CMAKE_CXX_FLAGS_RELWITHDEBINFO
CMAKE_CXX_FLAGS_RELWITHDEBINFO-ADVANCED:INTERNAL=1
//ADVANCED property for variable: CMAKE_C_COMPILER
CMAKE_C_COMPILER-ADVANCED:INTERNAL=1
//ADVANCED property for variable: CMAKE_C_FLAGS
CMAKE_C_FLAGS-ADVANCED:INTERNAL=1
//ADVANCED property for variable: CMAKE_C_FLAGS_DEBUG
CMAKE_C_FLAGS_DEBUG-ADVANCED:INTERNAL=1
//ADVANCED property for variable: CMAKE_C_FLAGS_MINSIZEREL
CMAKE_C_FLAGS_MINSIZEREL-ADVANCED:INTERNAL=1
//ADVANCED property for variable: CMAKE_C_FLAGS_RELEASE
CMAKE_C_FLAGS_RELEASE-ADVANCED:INTERNAL=1
//ADVANCED property for variable: CMAKE_C_FLAGS_RELWITHDEBINFO
CMAKE_C_FLAGS_RELWITHDEBINFO-ADVANCED:INTERNAL=1
//ADVANCED property for variable: CMAKE_DLLTOOL
CMAKE_DLLTOOL-ADVANCED:INTERNAL=1
//Path to cache edit program executable.
CMAKE_EDIT_COMMAND:INTERNAL=/opt/homebrew/bin/ccmake
//Executable file format
CMAKE_EXECUTABLE_FORMAT:INTERNAL=MACHO
//ADVANCED property for variable: CMAKE_EXE_LINKER_FLAGS
CMAKE_EXE_LINKER_FLAGS-ADVANCED:INTERNAL=1
//ADVANCED property for variable: CMAKE_EXE_LINKER_FLAGS_DEBUG
CMAKE_EXE_LINKER_FLAGS_DEBUG-ADVANCED:INTERNAL=1
//ADVANCED property for variable: CMAKE_EXE_LINKER_FLAGS_MINSIZEREL
CMAKE_EXE_LINKER_FLAGS_MINSIZEREL-ADVANCED:INTERNAL=1
//ADVANCED property for variable: CMAKE_EXE_LINKER_FLAGS_RELEASE
CMAKE_EXE_LINKER_FLAGS_RELEASE-ADVANCED:INTERNAL=1
//ADVANCED property for variable: CMAKE_EXE_LINKER_FLAGS_RELWITHDEBINFO
CMAKE_EXE_LINKER_FLAGS_RELWITHDEBINFO-ADVANCED:INTERNAL=1
//ADVANCED property for variable: CMAKE_EXPORT_COMPILE_COMMANDS
CMAKE_EXPORT_COMPILE_COMMANDS-ADVANCED:INTERNAL=1
//Name of external makefile project generator.
CMAKE_EXTRA_GENERATOR:INTERNAL=
//Name of generator.
CMAKE_GENERATOR:INTERNAL=Unix Makefiles
//Generator instance identifier.
CMAKE_GENERATOR_INSTANCE:INTERNAL=
//Name of generator platform.
CMAKE_GENERATOR_PLATFORM:INTERNAL=
//Name of generator toolset.
CMAKE_GENERATOR_TOOLSET:INTERNAL=
//Test CMAKE_HAVE_LIBC_PTHREAD
CMAKE_HAVE_LIBC_PTHREAD:INTERNAL=1
//Source directory with the top level CMakeLists.txt file for this
// project
CMAKE_HOME_DIRECTORY:INTERNAL=/Users/bengamble/FasterAPI
//ADVANCED property for variable: CMAKE_INSTALL_BINDIR
CMAKE_INSTALL_BINDIR-ADVANCED:INTERNAL=1
//ADVANCED property for variable: CMAKE_INSTALL_DATADIR
CMAKE_INSTALL_DATADIR-ADVANCED:INTERNAL=1
//ADVANCED property for variable: CMAKE_INSTALL_DATAROOTDIR
CMAKE_INSTALL_DATAROOTDIR-ADVANCED:INTERNAL=1
//ADVANCED property for variable: CMAKE_INSTALL_DOCDIR
CMAKE_INSTALL_DOCDIR-ADVANCED:INTERNAL=1
//ADVANCED property for variable: CMAKE_INSTALL_INCLUDEDIR
CMAKE_INSTALL_INCLUDEDIR-ADVANCED:INTERNAL=1
//ADVANCED property for variable: CMAKE_INSTALL_INFODIR
CMAKE_INSTALL_INFODIR-ADVANCED:INTERNAL=1
//ADVANCED property for variable: CMAKE_INSTALL_LIBDIR
CMAKE_INSTALL_LIBDIR-ADVANCED:INTERNAL=1
//ADVANCED property for variable: CMAKE_INSTALL_LIBEXECDIR
CMAKE_INSTALL_LIBEXECDIR-ADVANCED:INTERNAL=1
//ADVANCED property for variable: CMAKE_INSTALL_LOCALEDIR
CMAKE_INSTALL_LOCALEDIR-ADVANCED:INTERNAL=1
//ADVANCED property for variable: CMAKE_INSTALL_LOCALSTATEDIR
CMAKE_INSTALL_LOCALSTATEDIR-ADVANCED:INTERNAL=1
//ADVANCED property for variable: CMAKE_INSTALL_MANDIR
CMAKE_INSTALL_MANDIR-ADVANCED:INTERNAL=1
//ADVANCED property for variable: CMAKE_INSTALL_NAME_TOOL
CMAKE_INSTALL_NAME_TOOL-ADVANCED:INTERNAL=1
//ADVANCED property for variable: CMAKE_INSTALL_OLDINCLUDEDIR
CMAKE_INSTALL_OLDINCLUDEDIR-ADVANCED:INTERNAL=1
//ADVANCED property for variable: CMAKE_INSTALL_RUNSTATEDIR
CMAKE_INSTALL_RUNSTATEDIR-ADVANCED:INTERNAL=1
//ADVANCED property for variable: CMAKE_INSTALL_SBINDIR
CMAKE_INSTALL_SBINDIR-ADVANCED:INTERNAL=1
//ADVANCED property for variable: CMAKE_INSTALL_SHAREDSTATEDIR
CMAKE_INSTALL_SHAREDSTATEDIR-ADVANCED:INTERNAL=1
//ADVANCED property for variable: CMAKE_INSTALL_SYSCONFDIR
CMAKE_INSTALL_SYSCONFDIR-ADVANCED:INTERNAL=1
//ADVANCED property for variable: CMAKE_LINKER
CMAKE_LINKER-ADVANCED:INTERNAL=1
//Name of CMakeLists files to read
CMAKE_LIST_FILE_NAME:INTERNAL=CMakeLists.txt
//ADVANCED property for variable: CMAKE_MAKE_PROGRAM
CMAKE_MAKE_PROGRAM-ADVANCED:INTERNAL=1
//ADVANCED property for variable: CMAKE_MODULE_LINKER_FLAGS
CMAKE_MODULE_LINKER_FLAGS-ADVANCED:INTERNAL=1
//ADVANCED property for variable: CMAKE_MODULE_LINKER_FLAGS_DEBUG
CMAKE_MODULE_LINKER_FLAGS_DEBUG-ADVANCED:INTERNAL=1
//ADVANCED property for variable: CMAKE_MODULE_LINKER_FLAGS_MINSIZEREL
CMAKE_MODULE_LINKER_FLAGS_MINSIZEREL-ADVANCED:INTERNAL=1
//ADVANCED property for variable: CMAKE_MODULE_LINKER_FLAGS_RELEASE
CMAKE_MODULE_LINKER_FLAGS_RELEASE-ADVANCED:INTERNAL=1
//ADVANCED property for variable: CMAKE_MODULE_LINKER_FLAGS_RELWITHDEBINFO
CMAKE_MODULE_LINKER_FLAGS_RELWITHDEBINFO-ADVANCED:INTERNAL=1
//ADVANCED property for variable: CMAKE_NM
CMAKE_NM-ADVANCED:INTERNAL=1
//number of local generators
CMAKE_NUMBER_OF_MAKEFILES:INTERNAL=7
//ADVANCED property for variable: CMAKE_OBJCOPY
CMAKE_OBJCOPY-ADVANCED:INTERNAL=1
//ADVANCED property for variable: CMAKE_OBJDUMP
CMAKE_OBJDUMP-ADVANCED:INTERNAL=1
//Platform information initialized
CMAKE_PLATFORM_INFO_INITIALIZED:INTERNAL=1
//ADVANCED property for variable: CMAKE_RANLIB
CMAKE_RANLIB-ADVANCED:INTERNAL=1
//ADVANCED property for variable: CMAKE_READELF
CMAKE_READELF-ADVANCED:INTERNAL=1
//Path to CMake installation.
CMAKE_ROOT:INTERNAL=/opt/homebrew/share/cmake
//ADVANCED property for variable: CMAKE_SHARED_LINKER_FLAGS
CMAKE_SHARED_LINKER_FLAGS-ADVANCED:INTERNAL=1
//ADVANCED property for variable: CMAKE_SHARED_LINKER_FLAGS_DEBUG
CMAKE_SHARED_LINKER_FLAGS_DEBUG-ADVANCED:INTERNAL=1
//ADVANCED property for variable: CMAKE_SHARED_LINKER_FLAGS_MINSIZEREL
CMAKE_SHARED_LINKER_FLAGS_MINSIZEREL-ADVANCED:INTERNAL=1
//ADVANCED property for variable: CMAKE_SHARED_LINKER_FLAGS_RELEASE
CMAKE_SHARED_LINKER_FLAGS_RELEASE-ADVANCED:INTERNAL=1
//ADVANCED property for variable: CMAKE_SHARED_LINKER_FLAGS_RELWITHDEBINFO
CMAKE_SHARED_LINKER_FLAGS_RELWITHDEBINFO-ADVANCED:INTERNAL=1
//ADVANCED property for variable: CMAKE_SKIP_INSTALL_RPATH
CMAKE_SKIP_INSTALL_RPATH-ADVANCED:INTERNAL=1
//ADVANCED property for variable: CMAKE_SKIP_RPATH
CMAKE_SKIP_RPATH-ADVANCED:INTERNAL=1
//ADVANCED property for variable: CMAKE_STATIC_LINKER_FLAGS
CMAKE_STATIC_LINKER_FLAGS-ADVANCED:INTERNAL=1
//ADVANCED property for variable: CMAKE_STATIC_LINKER_FLAGS_DEBUG
CMAKE_STATIC_LINKER_FLAGS_DEBUG-ADVANCED:INTERNAL=1
//ADVANCED property for variable: CMAKE_STATIC_LINKER_FLAGS_MINSIZEREL
CMAKE_STATIC_LINKER_FLAGS_MINSIZEREL-ADVANCED:INTERNAL=1
//ADVANCED property for variable: CMAKE_STATIC_LINKER_FLAGS_RELEASE
CMAKE_STATIC_LINKER_FLAGS_RELEASE-ADVANCED:INTERNAL=1
//ADVANCED property for variable: CMAKE_STATIC_LINKER_FLAGS_RELWITHDEBINFO
CMAKE_STATIC_LINKER_FLAGS_RELWITHDEBINFO-ADVANCED:INTERNAL=1
//ADVANCED property for variable: CMAKE_STRIP
CMAKE_STRIP-ADVANCED:INTERNAL=1
//ADVANCED property for variable: CMAKE_TAPI
CMAKE_TAPI-ADVANCED:INTERNAL=1
//uname command
CMAKE_UNAME:INTERNAL=/usr/bin/uname
//ADVANCED property for variable: CMAKE_VERBOSE_MAKEFILE
CMAKE_VERBOSE_MAKEFILE-ADVANCED:INTERNAL=1
//Result of TRY_COMPILE
COMPILE_HAVE_GNU_POSIX_REGEX:INTERNAL=FALSE
//Result of TRY_COMPILE
COMPILE_HAVE_POSIX_REGEX:INTERNAL=TRUE
//Result of TRY_COMPILE
COMPILE_HAVE_PTHREAD_AFFINITY:INTERNAL=FALSE
//Result of TRY_COMPILE
COMPILE_HAVE_STD_REGEX:INTERNAL=TRUE
//Result of TRY_COMPILE
COMPILE_HAVE_STEADY_CLOCK:INTERNAL=TRUE
//Result of TRY_COMPILE
COMPILE_HAVE_THREAD_SAFETY_ATTRIBUTES:INTERNAL=TRUE
CPM_DIRECTORY:INTERNAL=/Users/bengamble/FasterAPI/build/cmake
//Don't download or configure dependencies (for testing)
CPM_DRY_RUN:INTERNAL=OFF
CPM_FILE:INTERNAL=/Users/bengamble/FasterAPI/build/cmake/CPM_0.38.7.cmake
CPM_INDENT:INTERNAL=CPM:
CPM_MODULE_PATH:INTERNAL=/Users/bengamble/FasterAPI/build/CPM_modules
CPM_PACKAGES:INTERNAL=simdjson;zstd;googletest;benchmark
CPM_PACKAGE_LOCK_FILE:INTERNAL=/Users/bengamble/FasterAPI/build/cpm-package-lock.cmake
CPM_PACKAGE_benchmark_BINARY_DIR:INTERNAL=/Users/bengamble/FasterAPI/build/_deps/benchmark-build
CPM_PACKAGE_benchmark_SOURCE_DIR:INTERNAL=/Users/bengamble/FasterAPI/build/cpm-cache/benchmark/6ab6f9ea5fa3003095935f1af4b6b363c23ce9d7
CPM_PACKAGE_benchmark_VERSION:INTERNAL=1.8.3
CPM_PACKAGE_googletest_BINARY_DIR:INTERNAL=/Users/bengamble/FasterAPI/build/_deps/googletest-build
CPM_PACKAGE_googletest_SOURCE_DIR:INTERNAL=/Users/bengamble/FasterAPI/build/cpm-cache/googletest/9b33dc2441e2da8f3c6ddb3d202ec097d87a0994
CPM_PACKAGE_googletest_VERSION:INTERNAL=1.14.0
CPM_PACKAGE_simdjson_BINARY_DIR:INTERNAL=/Users/bengamble/FasterAPI/build/_deps/simdjson-build
CPM_PACKAGE_simdjson_SOURCE_DIR:INTERNAL=/Users/bengamble/FasterAPI/build/cpm-cache/simdjson/e2872dae246ae21201588fe57bc477e26fdade81
CPM_PACKAGE_simdjson_VERSION:INTERNAL=3.10.1
CPM_PACKAGE_zstd_BINARY_DIR:INTERNAL=/Users/bengamble/FasterAPI/build/_deps/zstd-build
CPM_PACKAGE_zstd_SOURCE_DIR:INTERNAL=/Users/bengamble/FasterAPI/build/cpm-cache/zstd/5375622b5fd73dea578f509561685c3376dce674
CPM_PACKAGE_zstd_VERSION:INTERNAL=1.5.6
CPM_VERSION:INTERNAL=0.38.7
//Details about finding Git
FIND_PACKAGE_MESSAGE_DETAILS_Git:INTERNAL=[/usr/bin/git][v2.50.1 (Apple Git-155)()]
//Details about finding OpenSSL
FIND_PACKAGE_MESSAGE_DETAILS_OpenSSL:INTERNAL=[/opt/homebrew/Cellar/openssl@3/3.6.0/lib/libcrypto.dylib][/opt/homebrew/Cellar/openssl@3/3.6.0/include][ ][v3.6.0()]
//Details about finding Python3
FIND_PACKAGE_MESSAGE_DETAILS_Python3:INTERNAL=[/opt/homebrew/Frameworks/Python.framework/Versions/3.13/bin/python3.13][found components: Interpreter ][v3.13.7()]
//Details about finding Threads
FIND_PACKAGE_MESSAGE_DETAILS_Threads:INTERNAL=[TRUE][v()]
//ADVANCED property for variable: GIT_EXECUTABLE
GIT_EXECUTABLE-ADVANCED:INTERNAL=1
//Test HAVE_CXX_FLAG_COVERAGE
HAVE_CXX_FLAG_COVERAGE:INTERNAL=1
//Test HAVE_CXX_FLAG_FSTRICT_ALIASING
HAVE_CXX_FLAG_FSTRICT_ALIASING:INTERNAL=1
//Test HAVE_CXX_FLAG_PEDANTIC
HAVE_CXX_FLAG_PEDANTIC:INTERNAL=1
//Test HAVE_CXX_FLAG_PEDANTIC_ERRORS
HAVE_CXX_FLAG_PEDANTIC_ERRORS:INTERNAL=1
//Test HAVE_CXX_FLAG_WALL
HAVE_CXX_FLAG_WALL:INTERNAL=1
//Test HAVE_CXX_FLAG_WD654
HAVE_CXX_FLAG_WD654:INTERNAL=
//Test HAVE_CXX_FLAG_WERROR
HAVE_CXX_FLAG_WERROR:INTERNAL=1
//Test HAVE_CXX_FLAG_WEXTRA
HAVE_CXX_FLAG_WEXTRA:INTERNAL=1
//Test HAVE_CXX_FLAG_WFLOAT_EQUAL
HAVE_CXX_FLAG_WFLOAT_EQUAL:INTERNAL=1
//Test HAVE_CXX_FLAG_WNO_DEPRECATED
HAVE_CXX_FLAG_WNO_DEPRECATED:INTERNAL=1
//Test HAVE_CXX_FLAG_WNO_DEPRECATED_DECLARATIONS
HAVE_CXX_FLAG_WNO_DEPRECATED_DECLARATIONS:INTERNAL=1
//Test HAVE_CXX_FLAG_WOLD_STYLE_CAST
HAVE_CXX_FLAG_WOLD_STYLE_CAST:INTERNAL=1
//Test HAVE_CXX_FLAG_WSHADOW
HAVE_CXX_FLAG_WSHADOW:INTERNAL=1
//Test HAVE_CXX_FLAG_WSHORTEN_64_TO_32
HAVE_CXX_FLAG_WSHORTEN_64_TO_32:INTERNAL=1
//Test HAVE_CXX_FLAG_WSTRICT_ALIASING
HAVE_CXX_FLAG_WSTRICT_ALIASING:INTERNAL=1
//Test HAVE_CXX_FLAG_WSUGGEST_OVERRIDE
HAVE_CXX_FLAG_WSUGGEST_OVERRIDE:INTERNAL=1
//Test HAVE_CXX_FLAG_WTHREAD_SAFETY
HAVE_CXX_FLAG_WTHREAD_SAFETY:INTERNAL=1
//Have library rt
HAVE_LIB_RT:INTERNAL=
//Have symbol fork
HAVE_POSIX_FORK:INTERNAL=1
//Have symbol wait
HAVE_POSIX_WAIT:INTERNAL=1
//ADVANCED property for variable: OPENSSL_CRYPTO_LIBRARY
OPENSSL_CRYPTO_LIBRARY-ADVANCED:INTERNAL=1
//ADVANCED property for variable: OPENSSL_INCLUDE_DIR
OPENSSL_INCLUDE_DIR-ADVANCED:INTERNAL=1
//ADVANCED property for variable: OPENSSL_SSL_LIBRARY
OPENSSL_SSL_LIBRARY-ADVANCED:INTERNAL=1
//ADVANCED property for variable: PKG_CONFIG_ARGN
PKG_CONFIG_ARGN-ADVANCED:INTERNAL=1
//ADVANCED property for variable: PKG_CONFIG_EXECUTABLE
PKG_CONFIG_EXECUTABLE-ADVANCED:INTERNAL=1
//ADVANCED property for variable: PostgreSQL_INCLUDE_DIR
PostgreSQL_INCLUDE_DIR-ADVANCED:INTERNAL=1
//ADVANCED property for variable: PostgreSQL_LIBRARY_DEBUG
PostgreSQL_LIBRARY_DEBUG-ADVANCED:INTERNAL=1
//ADVANCED property for variable: PostgreSQL_LIBRARY_RELEASE
PostgreSQL_LIBRARY_RELEASE-ADVANCED:INTERNAL=1
//ADVANCED property for variable: PostgreSQL_TYPE_INCLUDE_DIR
PostgreSQL_TYPE_INCLUDE_DIR-ADVANCED:INTERNAL=1
//Result of try_run()
RUN_HAVE_POSIX_REGEX:INTERNAL=0
//Result of try_run()
RUN_HAVE_STD_REGEX:INTERNAL=0
//Result of try_run()
RUN_HAVE_STEADY_CLOCK:INTERNAL=0
//Result of try_run()
RUN_HAVE_THREAD_SAFETY_ATTRIBUTES:INTERNAL=0
//ADVANCED property for variable: SIMDJSON_IMPLEMENTATION_ARM64
SIMDJSON_IMPLEMENTATION_ARM64-ADVANCED:INTERNAL=1
//ADVANCED property for variable: SIMDJSON_IMPLEMENTATION_FALLBACK
SIMDJSON_IMPLEMENTATION_FALLBACK-ADVANCED:INTERNAL=1
//ADVANCED property for variable: SIMDJSON_IMPLEMENTATION_HASWELL
SIMDJSON_IMPLEMENTATION_HASWELL-ADVANCED:INTERNAL=1
//ADVANCED property for variable: SIMDJSON_IMPLEMENTATION_ICELAKE
SIMDJSON_IMPLEMENTATION_ICELAKE-ADVANCED:INTERNAL=1
//ADVANCED property for variable: SIMDJSON_IMPLEMENTATION_PPC64
SIMDJSON_IMPLEMENTATION_PPC64-ADVANCED:INTERNAL=1
//ADVANCED property for variable: SIMDJSON_IMPLEMENTATION_WESTMERE
SIMDJSON_IMPLEMENTATION_WESTMERE-ADVANCED:INTERNAL=1
//ADVANCED property for variable: SIMDJSON_INSTALL_CMAKEDIR
SIMDJSON_INSTALL_CMAKEDIR-ADVANCED:INTERNAL=1
ZMQ_CFLAGS:INTERNAL=-I/opt/homebrew/Cellar/zeromq/4.3.5_2/include;-DZMQ_BUILD_DRAFT_API=1;-I/opt/homebrew/Cellar/libsodium/1.0.20/include
ZMQ_CFLAGS_I:INTERNAL=
ZMQ_CFLAGS_OTHER:INTERNAL=-DZMQ_BUILD_DRAFT_API=1
ZMQ_FOUND:INTERNAL=1
ZMQ_INCLUDEDIR:INTERNAL=/opt/homebrew/Cellar/zeromq/4.3.5_2/include
ZMQ_INCLUDE_DIRS:INTERNAL=/opt/homebrew/Cellar/zeromq/4.3.5_2/include;/opt/homebrew/Cellar/libsodium/1.0.20/include
ZMQ_LDFLAGS:INTERNAL=-L/opt/homebrew/Cellar/zeromq/4.3.5_2/lib;-lzmq
ZMQ_LDFLAGS_OTHER:INTERNAL=
ZMQ_LIBDIR:INTERNAL=/opt/homebrew/Cellar/zeromq/4.3.5_2/lib
ZMQ_LIBRARIES:INTERNAL=zmq
ZMQ_LIBRARY_DIRS:INTERNAL=/opt/homebrew/Cellar/zeromq/4.3.5_2/lib
ZMQ_LIBS:INTERNAL=
ZMQ_LIBS_L:INTERNAL=
ZMQ_LIBS_OTHER:INTERNAL=
ZMQ_LIBS_PATHS:INTERNAL=
ZMQ_MODULE_NAME:INTERNAL=libzmq
ZMQ_PREFIX:INTERNAL=/opt/homebrew/Cellar/zeromq/4.3.5_2
ZMQ_STATIC_CFLAGS:INTERNAL=-I/opt/homebrew/Cellar/zeromq/4.3.5_2/include;-DZMQ_BUILD_DRAFT_API=1;-I/opt/homebrew/Cellar/libsodium/1.0.20/include
ZMQ_STATIC_CFLAGS_I:INTERNAL=
ZMQ_STATIC_CFLAGS_OTHER:INTERNAL=-DZMQ_BUILD_DRAFT_API=1
ZMQ_STATIC_INCLUDE_DIRS:INTERNAL=/opt/homebrew/Cellar/zeromq/4.3.5_2/include;/opt/homebrew/Cellar/libsodium/1.0.20/include
ZMQ_STATIC_LDFLAGS:INTERNAL=-L/opt/homebrew/Cellar/zeromq/4.3.5_2/lib;-lzmq;-lstdc++;-lpthread;-L/opt/homebrew/Cellar/libsodium/1.0.20/lib;-lsodium;-lpthread;-pthread
ZMQ_STATIC_LDFLAGS_OTHER:INTERNAL=-pthread
ZMQ_STATIC_LIBDIR:INTERNAL=
ZMQ_STATIC_LIBRARIES:INTERNAL=zmq;stdc++;pthread;sodium;pthread
ZMQ_STATIC_LIBRARY_DIRS:INTERNAL=/opt/homebrew/Cellar/zeromq/4.3.5_2/lib;/opt/homebrew/Cellar/libsodium/1.0.20/lib
ZMQ_STATIC_LIBS:INTERNAL=
ZMQ_STATIC_LIBS_L:INTERNAL=
ZMQ_STATIC_LIBS_OTHER:INTERNAL=
ZMQ_STATIC_LIBS_PATHS:INTERNAL=
ZMQ_VERSION:INTERNAL=4.3.5
ZMQ_libzmq_INCLUDEDIR:INTERNAL=
ZMQ_libzmq_LIBDIR:INTERNAL=
ZMQ_libzmq_PREFIX:INTERNAL=
ZMQ_libzmq_VERSION:INTERNAL=
//CMAKE_INSTALL_PREFIX during last run
_GNUInstallDirs_LAST_CMAKE_INSTALL_PREFIX:INTERNAL=/usr/local
_OPENSSL_CFLAGS:INTERNAL=-I/opt/homebrew/Cellar/openssl@3/3.6.0/include
_OPENSSL_CFLAGS_I:INTERNAL=
_OPENSSL_CFLAGS_OTHER:INTERNAL=
_OPENSSL_FOUND:INTERNAL=1
_OPENSSL_INCLUDEDIR:INTERNAL=/opt/homebrew/Cellar/openssl@3/3.6.0/include
_OPENSSL_INCLUDE_DIRS:INTERNAL=/opt/homebrew/Cellar/openssl@3/3.6.0/include
_OPENSSL_LDFLAGS:INTERNAL=-L/opt/homebrew/Cellar/openssl@3/3.6.0/lib;-lssl;-lcrypto
_OPENSSL_LDFLAGS_OTHER:INTERNAL=
_OPENSSL_LIBDIR:INTERNAL=/opt/homebrew/Cellar/openssl@3/3.6.0/lib
_OPENSSL_LIBRARIES:INTERNAL=ssl;crypto
_OPENSSL_LIBRARY_DIRS:INTERNAL=/opt/homebrew/Cellar/openssl@3/3.6.0/lib
_OPENSSL_LIBS:INTERNAL=
_OPENSSL_LIBS_L:INTERNAL=
_OPENSSL_LIBS_OTHER:INTERNAL=
_OPENSSL_LIBS_PATHS:INTERNAL=
_OPENSSL_MODULE_NAME:INTERNAL=openssl
_OPENSSL_PREFIX:INTERNAL=/opt/homebrew/Cellar/openssl@3/3.6.0
_OPENSSL_STATIC_CFLAGS:INTERNAL=-I/opt/homebrew/Cellar/openssl@3/3.6.0/include
_OPENSSL_STATIC_CFLAGS_I:INTERNAL=
_OPENSSL_STATIC_CFLAGS_OTHER:INTERNAL=
_OPENSSL_STATIC_INCLUDE_DIRS:INTERNAL=/opt/homebrew/Cellar/openssl@3/3.6.0/include
_OPENSSL_STATIC_LDFLAGS:INTERNAL=-L/opt/homebrew/Cellar/openssl@3/3.6.0/lib;-lssl;-lcrypto
_OPENSSL_STATIC_LDFLAGS_OTHER:INTERNAL=
_OPENSSL_STATIC_LIBDIR:INTERNAL=
_OPENSSL_STATIC_LIBRARIES:INTERNAL=ssl;crypto
_OPENSSL_STATIC_LIBRARY_DIRS:INTERNAL=/opt/homebrew/Cellar/openssl@3/3.6.0/lib
_OPENSSL_STATIC_LIBS:INTERNAL=
_OPENSSL_STATIC_LIBS_L:INTERNAL=
_OPENSSL_STATIC_LIBS_OTHER:INTERNAL=
_OPENSSL_STATIC_LIBS_PATHS:INTERNAL=
_OPENSSL_VERSION:INTERNAL=3.6.0
_OPENSSL_openssl_INCLUDEDIR:INTERNAL=
_OPENSSL_openssl_LIBDIR:INTERNAL=
_OPENSSL_openssl_PREFIX:INTERNAL=
_OPENSSL_openssl_VERSION:INTERNAL=
//Path to a program.
_Python3_CONFIG:INTERNAL=/opt/homebrew/Frameworks/Python.framework/Versions/3.13/bin/python3.13-config
//Compiler reason failure
_Python3_Compiler_REASON_FAILURE:INTERNAL=
_Python3_DEVELOPMENT_EMBED_SIGNATURE:INTERNAL=f7be4ddb80d39af4cab9e80aee3e2e24
_Python3_DEVELOPMENT_MODULE_SIGNATURE:INTERNAL=f6dd08e312da72105b15e396ed2e273a
//Development reason failure
_Python3_Development_REASON_FAILURE:INTERNAL=
//Path to a program.
_Python3_EXECUTABLE:INTERNAL=/opt/homebrew/Frameworks/Python.framework/Versions/3.13/bin/python3.13
//Path to a file.
_Python3_INCLUDE_DIR:INTERNAL=/opt/homebrew/opt/python@3.13/Frameworks/Python.framework/Versions/3.13/include/python3.13
//Python3 Properties
_Python3_INTERPRETER_PROPERTIES:INTERNAL=Python;3;13;7;64;32;<none>;cpython-313-darwin;abi3;/opt/homebrew/opt/python@3.13/Frameworks/Python.framework/Versions/3.13/lib/python3.13;/opt/homebrew/opt/python@3.13/Frameworks/Python.framework/Versions/3.13/lib/python3.13;/opt/homebrew/lib/python3.13/site-packages;/opt/homebrew/lib/python3.13/site-packages
_Python3_INTERPRETER_SIGNATURE:INTERNAL=7a1f714cc7198cb3c0d06752fabdd0bf
//Path to a library.
_Python3_LIBRARY_RELEASE:INTERNAL=/opt/homebrew/opt/python@3.13/Frameworks/Python.framework/Versions/3.13/lib/libpython3.13.dylib
//NumPy reason failure
_Python3_NumPy_REASON_FAILURE:INTERNAL=
__pkg_config_arguments_ZMQ:INTERNAL=libzmq
__pkg_config_arguments__OPENSSL:INTERNAL=QUIET;openssl
__pkg_config_checked_ZMQ:INTERNAL=1
__pkg_config_checked__OPENSSL:INTERNAL=1
cmake_package_name:INTERNAL=GTest
//ADVANCED property for variable: gmock_build_tests
gmock_build_tests-ADVANCED:INTERNAL=1
//ADVANCED property for variable: gtest_build_samples
gtest_build_samples-ADVANCED:INTERNAL=1
//ADVANCED property for variable: gtest_build_tests
gtest_build_tests-ADVANCED:INTERNAL=1
//ADVANCED property for variable: gtest_disable_pthreads
gtest_disable_pthreads-ADVANCED:INTERNAL=1
//ADVANCED property for variable: gtest_hide_internal_symbols
gtest_hide_internal_symbols-ADVANCED:INTERNAL=1
//ADVANCED property for variable: pkgcfg_lib_ZMQ_zmq
pkgcfg_lib_ZMQ_zmq-ADVANCED:INTERNAL=1
//ADVANCED property for variable: pkgcfg_lib__OPENSSL_crypto
pkgcfg_lib__OPENSSL_crypto-ADVANCED:INTERNAL=1
//ADVANCED property for variable: pkgcfg_lib__OPENSSL_ssl
pkgcfg_lib__OPENSSL_ssl-ADVANCED:INTERNAL=1
prefix_result:INTERNAL=/opt/homebrew/Cellar/zeromq/4.3.5_2/lib

